<?xml version="1.0" encoding="UTF-8"?>
<testsuite name="com.bridgelabz.NioApiTest" tests="1" skipped="0" failures="0" errors="0" timestamp="2021-08-06T17:33:55" hostname="DESKTOP-UD4BENK" time="0.063">
  <properties/>
  <testcase name="givenPathWhenCHeckedThenConfirm" classname="com.bridgelabz.NioApiTest" time="0.063"/>
  <system-out><![CDATA[C:\Users\vivek kumar\TempPlayGround\temp1
C:\Users\vivek kumar\TempPlayGround\temp2
C:\Users\vivek kumar\TempPlayGround\temp3
C:\Users\vivek kumar\TempPlayGround\temp4
C:\Users\vivek kumar\TempPlayGround\temp5
C:\Users\vivek kumar\TempPlayGround\temp6
C:\Users\vivek kumar\TempPlayGround\temp7
C:\Users\vivek kumar\TempPlayGround\temp8
C:\Users\vivek kumar\TempPlayGround\temp9
C:\Users\vivek kumar\TempPlayGround\temp1
C:\Users\vivek kumar\TempPlayGround\temp2
C:\Users\vivek kumar\TempPlayGround\temp3
C:\Users\vivek kumar\TempPlayGround\temp4
C:\Users\vivek kumar\TempPlayGround\temp5
C:\Users\vivek kumar\TempPlayGround\temp6
C:\Users\vivek kumar\TempPlayGround\temp7
C:\Users\vivek kumar\TempPlayGround\temp8
C:\Users\vivek kumar\TempPlayGround\temp9
]]></system-out>
  <system-err><![CDATA[]]></system-err>
</testsuite>
