<?xml version="1.0" encoding="UTF-8"?>
<testsuite name="com.bridgelabz.EmployeePayrollTest" tests="1" skipped="0" failures="0" errors="0" timestamp="2021-08-06T18:00:59" hostname="DESKTOP-UD4BENK" time="0.033">
  <properties/>
  <testcase name="givenThreeEmployees_WhenWrittenToFile_ShouldMatchEmployeeEntries" classname="com.bridgelabz.EmployeePayrollTest" time="0.033"/>
  <system-out><![CDATA[]]></system-out>
  <system-err><![CDATA[]]></system-err>
</testsuite>
